<?xml version="1.0" encoding="UTF-8"?>
<robot generator="Robot 7.3.2 (Python 3.13.6 on win32)" generated="2025-08-07T18:07:41.774777" rpa="false" schemaversion="5">
<suite id="s1" name="trustScreener Test" source="C:\Users\Arun Dalvi\AJBell\tests\trustScreener_Test.robot">
<kw name="Open AJ Bell Website" owner="trustScreener_keywords" type="SETUP">
<kw name="New Browser" owner="Browser">
<msg time="2025-08-07T18:07:42.075920" level="INFO">{"browser": "chromium", "headless": false, "chromiumSandbox": false, "devtools": false, "handleSIGHUP": true, "handleSIGINT": true, "handleSIGTERM": true, "slowMo": 0.0, "timeout": 30000.0, "tracesDir": "C:\\Users\\Arun Dalvi\\AJBell\\output\\browser\\traces\\temp\\1cfe3ff7-adec-4f3c-812a-dc2946f68224"}</msg>
<msg time="2025-08-07T18:07:42.130134" level="INFO">Starting Browser process C:\Users\Arun Dalvi\AppData\Local\Programs\Python\Python313\Lib\site-packages\Browser\wrapper\index.js using at 127.0.0.1:50053</msg>
<msg time="2025-08-07T18:07:44.316534" level="INFO">Successfully created browser with options: {"browser":"chromium","headless":false,"chromiumSandbox":false,"devtools":false,"handleSIGHUP":true,"handleSIGINT":true,"handleSIGTERM":true,"slowMo":0,"timeout":30000,"tracesDir":"C:\\Users\\Arun Dalvi\\AJBell\\output\\browser\\traces\\temp\\1cfe3ff7-adec-4f3c-812a-dc2946f68224"}</msg>
<arg>headless=false</arg>
<tag>BrowserControl</tag>
<tag>Setter</tag>
<doc>Create a new playwright Browser with specified options.</doc>
<status status="PASS" start="2025-08-07T18:07:42.074372" elapsed="2.242541"/>
</kw>
<kw name="New Page" owner="Browser">
<msg time="2025-08-07T18:07:49.522319" level="INFO">Successfully initialized new page object and opened url: https://www.ajbell.co.uk/market-research/screener/trusts</msg>
<msg time="2025-08-07T18:07:49.522629" level="INFO">No context was open. New context was automatically opened when this page is created.</msg>
<arg>${BASE_URL}</arg>
<tag>BrowserControl</tag>
<tag>Setter</tag>
<doc>Open a new Page.</doc>
<status status="PASS" start="2025-08-07T18:07:44.317496" elapsed="5.205898"/>
</kw>
<kw name="Wait For Elements State" owner="Browser">
<msg time="2025-08-07T18:07:49.849057" level="INFO">Waited for Element with selector text=Login at state visible</msg>
<arg>text=Login</arg>
<arg>visible</arg>
<arg>timeout=10s</arg>
<tag>PageContent</tag>
<tag>Wait</tag>
<doc>Waits for the element found by ``selector`` to satisfy state option.</doc>
<status status="PASS" start="2025-08-07T18:07:49.523936" elapsed="0.325348"/>
</kw>
<kw name="Handle Cookie Banner If Present" owner="trustScreener_keywords">
<kw name="Wait For Elements State" owner="Browser">
<msg time="2025-08-07T18:07:49.877304" level="INFO">Waited for Element with selector data-testid=cookieConsentAcceptAll at state visible</msg>
<arg>${COOKIE_ACCEPT_BUTTON}</arg>
<arg>visible</arg>
<arg>timeout=5s</arg>
<tag>PageContent</tag>
<tag>Wait</tag>
<doc>Waits for the element found by ``selector`` to satisfy state option.</doc>
<status status="PASS" start="2025-08-07T18:07:49.850316" elapsed="0.027321"/>
</kw>
<kw name="Click" owner="Browser">
<msg time="2025-08-07T18:07:49.879332" level="INFO">Clicks the element 'data-testid=cookieConsentAcceptAll'.</msg>
<arg>${COOKIE_ACCEPT_BUTTON}</arg>
<tag>PageContent</tag>
<tag>Setter</tag>
<doc>Simulates mouse click on the element found by ``selector``.</doc>
<status status="PASS" start="2025-08-07T18:07:49.877962" elapsed="0.301486"/>
</kw>
<status status="PASS" start="2025-08-07T18:07:49.849679" elapsed="0.330045"/>
</kw>
<status status="PASS" start="2025-08-07T18:07:42.072960" elapsed="8.106976"/>
</kw>
<test id="s1-t1" name="Verify Functionality Of AJ Bell Trust Screener" line="11">
<kw name="Check Number of Records" owner="trustScreener_keywords">
<kw name="Wait For Elements State" owner="Browser">
<msg time="2025-08-07T18:07:51.601368" level="INFO">Waited for Element with selector text=Showing 365 results at state visible</msg>
<arg>${Records}</arg>
<arg>visible</arg>
<arg>timeout=10s</arg>
<tag>PageContent</tag>
<tag>Wait</tag>
<doc>Waits for the element found by ``selector`` to satisfy state option.</doc>
<status status="PASS" start="2025-08-07T18:07:50.213543" elapsed="1.388297"/>
</kw>
<kw name="Should Be True" owner="BuiltIn">
<arg>${NumberOfRows} &gt; 300</arg>
<arg>msg=Found ${NumberOfRows} records on the page</arg>
<doc>Fails if the given condition is not true.</doc>
<status status="PASS" start="2025-08-07T18:07:51.602456" elapsed="0.002532"/>
</kw>
<status status="PASS" start="2025-08-07T18:07:50.212678" elapsed="1.392631"/>
</kw>
<kw name="Open Advanced Filter Panel" owner="trustScreener_keywords">
<kw name="Click" owner="Browser">
<msg time="2025-08-07T18:07:51.610093" level="INFO">Clicks the element 'role=button[name="Advanced Filters"]'.</msg>
<arg>${Advanced_Search_Button}</arg>
<tag>PageContent</tag>
<tag>Setter</tag>
<doc>Simulates mouse click on the element found by ``selector``.</doc>
<status status="PASS" start="2025-08-07T18:07:51.608377" elapsed="0.397085"/>
</kw>
<kw name="Wait For Elements State" owner="Browser">
<msg time="2025-08-07T18:07:52.035542" level="INFO">Waited for Element with selector xpath=//label[contains(text(), 'Morningstar Rating')] at state visible</msg>
<arg>${MORNINGSTAR_RATING_PAGE}</arg>
<arg>visible</arg>
<tag>PageContent</tag>
<tag>Wait</tag>
<doc>Waits for the element found by ``selector`` to satisfy state option.</doc>
<status status="PASS" start="2025-08-07T18:07:52.006039" elapsed="0.029722"/>
</kw>
<status status="PASS" start="2025-08-07T18:07:51.607009" elapsed="0.428921"/>
</kw>
<kw name="Apply Morningstar Filter" owner="trustScreener_keywords">
<kw name="Click" owner="Browser">
<msg time="2025-08-07T18:07:52.079955" level="INFO">Clicks the element 'role=combobox[name="Morningstar Rating"]'.</msg>
<arg>${MORNINGSTAR_RATING_DROPDOWN}</arg>
<tag>PageContent</tag>
<tag>Setter</tag>
<doc>Simulates mouse click on the element found by ``selector``.</doc>
<status status="PASS" start="2025-08-07T18:07:52.078637" elapsed="0.246823"/>
</kw>
<kw name="Get Element States" owner="Browser">
<msg time="2025-08-07T18:07:52.564665" level="INFO">States are: ['attached', 'hidden', 'enabled', 'editable', 'focused', 'unchecked']</msg>
<msg time="2025-08-07T18:07:52.564911" level="INFO">${states} = ['attached', 'hidden', 'enabled', 'editable', 'focused', 'unchecked']</msg>
<var>${states}</var>
<arg>${CHECKBOX_1}</arg>
<tag>Assertion</tag>
<tag>Getter</tag>
<tag>PageContent</tag>
<doc>Get the active states from the element found by ``selector``.</doc>
<status status="PASS" start="2025-08-07T18:07:52.325774" elapsed="0.239197"/>
</kw>
<kw name="Log" owner="BuiltIn">
<msg time="2025-08-07T18:07:52.565748" level="INFO">['attached', 'hidden', 'enabled', 'editable', 'focused', 'unchecked']</msg>
<arg>${states}</arg>
<doc>Logs the given message with the given level.</doc>
<status status="PASS" start="2025-08-07T18:07:52.565236" elapsed="0.000693"/>
</kw>
<kw name="Wait For Elements State" owner="Browser">
<msg time="2025-08-07T18:07:52.580086" level="INFO">Waited for Element with selector xpath=//label[contains(., '1')] at state visible</msg>
<arg>${RATING_LABEL_1}</arg>
<arg>visible</arg>
<arg>timeout=5s</arg>
<tag>PageContent</tag>
<tag>Wait</tag>
<doc>Waits for the element found by ``selector`` to satisfy state option.</doc>
<status status="PASS" start="2025-08-07T18:07:52.566453" elapsed="0.014144"/>
</kw>
<kw name="Scroll To Element" owner="Browser">
<arg>${RATING_LABEL_1}</arg>
<tag>PageContent</tag>
<tag>Setter</tag>
<doc>This method waits for actionability checks, then tries to scroll element into view,
unless it is completely visible.</doc>
<status status="PASS" start="2025-08-07T18:07:52.581251" elapsed="0.069223"/>
</kw>
<kw name="Click" owner="Browser">
<msg time="2025-08-07T18:07:52.654081" level="INFO">Clicks the element 'xpath=//label[contains(., '1')]'.</msg>
<arg>${RATING_LABEL_1}</arg>
<tag>PageContent</tag>
<tag>Setter</tag>
<doc>Simulates mouse click on the element found by ``selector``.</doc>
<status status="PASS" start="2025-08-07T18:07:52.651111" elapsed="0.148913"/>
</kw>
<kw name="Click" owner="Browser">
<msg time="2025-08-07T18:07:52.802944" level="INFO">Clicks the element 'css=button[data-testid="button-component"] &gt;&gt; text=Save'.</msg>
<arg>${SAVE_BUTTON}</arg>
<tag>PageContent</tag>
<tag>Setter</tag>
<doc>Simulates mouse click on the element found by ``selector``.</doc>
<status status="PASS" start="2025-08-07T18:07:52.801177" elapsed="0.103248"/>
</kw>
<kw name="Take Screenshot" owner="Browser">
<msg time="2025-08-07T18:07:53.358896" level="INFO" html="true">&lt;/td&gt;&lt;/tr&gt;&lt;tr&gt;&lt;td colspan="3"&gt;&lt;a href="browser/screenshot/robotframework-browser-screenshot-1.png" target="_blank"&gt;&lt;img src="browser/screenshot/robotframework-browser-screenshot-1.png" width="800px"/&gt;&lt;/a&gt;</msg>
<tag>PageContent</tag>
<doc>Takes a screenshot of the current window or element and saves it to disk.</doc>
<status status="PASS" start="2025-08-07T18:07:52.904842" elapsed="0.454618"/>
</kw>
<kw name="Wait For Elements State" owner="Browser">
<msg time="2025-08-07T18:07:54.415603" level="INFO">Waited for Element with selector xpath=//p[contains(text(), 'Showing 29 results')] at state visible</msg>
<arg>${MORNINGSTAR_RECORDS_MESSAGE}</arg>
<arg>visible</arg>
<arg>timeout=10s</arg>
<tag>PageContent</tag>
<tag>Wait</tag>
<doc>Waits for the element found by ``selector`` to satisfy state option.</doc>
<status status="PASS" start="2025-08-07T18:07:53.360064" elapsed="1.055983"/>
</kw>
<kw name="Should Be True" owner="BuiltIn">
<arg>${MORNINGSTAR_RATING_RECORDS} &gt; 0</arg>
<arg>msg=Found ${MORNINGSTAR_RATING_RECORDS} records on the page</arg>
<doc>Fails if the given condition is not true.</doc>
<status status="PASS" start="2025-08-07T18:07:54.416606" elapsed="0.002049"/>
</kw>
<kw name="Take Screenshot" owner="Browser">
<msg time="2025-08-07T18:07:54.578029" level="INFO" html="true">&lt;/td&gt;&lt;/tr&gt;&lt;tr&gt;&lt;td colspan="3"&gt;&lt;a href="browser/screenshot/robotframework-browser-screenshot-2.png" target="_blank"&gt;&lt;img src="browser/screenshot/robotframework-browser-screenshot-2.png" width="800px"/&gt;&lt;/a&gt;</msg>
<tag>PageContent</tag>
<doc>Takes a screenshot of the current window or element and saves it to disk.</doc>
<status status="PASS" start="2025-08-07T18:07:54.419323" elapsed="0.159105"/>
</kw>
<status status="PASS" start="2025-08-07T18:07:52.077527" elapsed="2.501163"/>
</kw>
<kw name="Remove Morningstar Filter With Value" owner="trustScreener_keywords">
<kw name="Click" owner="Browser">
<msg time="2025-08-07T18:07:54.581301" level="INFO">Clicks the element 'role=combobox[name="Morningstar Rating"]'.</msg>
<arg>${MORNINGSTAR_RATING_DROPDOWN}</arg>
<tag>PageContent</tag>
<tag>Setter</tag>
<doc>Simulates mouse click on the element found by ``selector``.</doc>
<status status="PASS" start="2025-08-07T18:07:54.580112" elapsed="0.156593"/>
</kw>
<kw name="Wait For Elements State" owner="Browser">
<msg time="2025-08-07T18:07:54.751845" level="INFO">Waited for Element with selector xpath=//label[contains(., '1')] at state visible</msg>
<arg>${RATING_LABEL_1}</arg>
<arg>visible</arg>
<arg>timeout=5s</arg>
<tag>PageContent</tag>
<tag>Wait</tag>
<doc>Waits for the element found by ``selector`` to satisfy state option.</doc>
<status status="PASS" start="2025-08-07T18:07:54.737238" elapsed="0.015188"/>
</kw>
<kw name="Scroll To Element" owner="Browser">
<arg>${RATING_LABEL_1}</arg>
<tag>PageContent</tag>
<tag>Setter</tag>
<doc>This method waits for actionability checks, then tries to scroll element into view,
unless it is completely visible.</doc>
<status status="PASS" start="2025-08-07T18:07:54.753098" elapsed="0.066444"/>
</kw>
<kw name="Click" owner="Browser">
<msg time="2025-08-07T18:07:54.821509" level="INFO">Clicks the element 'xpath=//label[contains(., '1')]'.</msg>
<arg>${RATING_LABEL_1}</arg>
<tag>PageContent</tag>
<tag>Setter</tag>
<doc>Simulates mouse click on the element found by ``selector``.</doc>
<status status="PASS" start="2025-08-07T18:07:54.819788" elapsed="0.085433"/>
</kw>
<kw name="Click" owner="Browser">
<msg time="2025-08-07T18:07:54.907270" level="INFO">Clicks the element 'css=button[data-testid="button-component"] &gt;&gt; text=Save'.</msg>
<arg>${SAVE_BUTTON}</arg>
<tag>PageContent</tag>
<tag>Setter</tag>
<doc>Simulates mouse click on the element found by ``selector``.</doc>
<status status="PASS" start="2025-08-07T18:07:54.905668" elapsed="0.134551"/>
</kw>
<kw name="Take Screenshot" owner="Browser">
<msg time="2025-08-07T18:07:55.393618" level="INFO" html="true">&lt;/td&gt;&lt;/tr&gt;&lt;tr&gt;&lt;td colspan="3"&gt;&lt;a href="browser/screenshot/robotframework-browser-screenshot-3.png" target="_blank"&gt;&lt;img src="browser/screenshot/robotframework-browser-screenshot-3.png" width="800px"/&gt;&lt;/a&gt;</msg>
<tag>PageContent</tag>
<doc>Takes a screenshot of the current window or element and saves it to disk.</doc>
<status status="PASS" start="2025-08-07T18:07:55.040618" elapsed="0.353316"/>
</kw>
<kw name="Should Be True" owner="BuiltIn">
<arg>${NumberOfRows} &gt; 300</arg>
<arg>msg=Found ${NumberOfRows} records on the page</arg>
<doc>Fails if the given condition is not true.</doc>
<status status="PASS" start="2025-08-07T18:07:55.394291" elapsed="0.001335"/>
</kw>
<kw name="Wait For Elements State" owner="Browser">
<msg time="2025-08-07T18:07:56.561517" level="INFO">Waited for Element with selector text=Showing 365 results at state visible</msg>
<arg>${Records}</arg>
<arg>visible</arg>
<arg>timeout=10s</arg>
<tag>PageContent</tag>
<tag>Wait</tag>
<doc>Waits for the element found by ``selector`` to satisfy state option.</doc>
<status status="PASS" start="2025-08-07T18:07:55.396191" elapsed="1.165772"/>
</kw>
<status status="PASS" start="2025-08-07T18:07:54.579256" elapsed="1.983045"/>
</kw>
<doc>Verifies record count, applies and removes Morningstar filter</doc>
<status status="PASS" start="2025-08-07T18:07:50.180120" elapsed="6.383068"/>
</test>
<kw name="Close The Browser" owner="trustScreener_keywords" type="TEARDOWN">
<kw name="Close Browser" owner="Browser">
<msg time="2025-08-07T18:07:57.248588" level="INFO">Closed browser</msg>
<tag>BrowserControl</tag>
<tag>Setter</tag>
<doc>Closes the current browser.</doc>
<status status="PASS" start="2025-08-07T18:07:56.623653" elapsed="0.625327"/>
</kw>
<status status="PASS" start="2025-08-07T18:07:56.622216" elapsed="0.627069"/>
</kw>
<doc>E2E Test: Navigate to AJ Bell TrustScreener Page and verify functionality</doc>
<status status="PASS" start="2025-08-07T18:07:41.816780" elapsed="15.432646"/>
</suite>
<statistics>
<total>
<stat pass="1" fail="0" skip="0">All Tests</stat>
</total>
<tag>
</tag>
<suite>
<stat name="trustScreener Test" id="s1" pass="1" fail="0" skip="0">trustScreener Test</stat>
</suite>
</statistics>
<errors>
</errors>
</robot>
